<?xml version="1.0" encoding="UTF-8"?>
<testng-results skipped="0" failed="0" ignored="0" total="1" passed="1">
  <reporter-output>
  </reporter-output>
  <suite name="Default suite" duration-ms="3866" started-at="2023-11-15T09:56:30 IST" finished-at="2023-11-15T09:56:34 IST">
    <groups>
    </groups>
    <test name="Default test" duration-ms="3866" started-at="2023-11-15T09:56:30 IST" finished-at="2023-11-15T09:56:34 IST">
      <class name="testngwaits.ex">
        <test-method status="PASS" signature="hs()[pri:0, instance:testngwaits.ex@2833cc44]" name="hs" duration-ms="3818" started-at="2023-11-15T09:56:30 IST" finished-at="2023-11-15T09:56:34 IST">
          <reporter-output>
          </reporter-output>
        </test-method> <!-- hs -->
      </class> <!-- testngwaits.ex -->
    </test> <!-- Default test -->
  </suite> <!-- Default suite -->
</testng-results>
